2024-03-13:16:53:18UTC * 0 * information * 0x1c6de20 * KIM_LogImplementation.cpp:107 * Log object created.  Default verbosity level is 'information'.
2024-03-13:16:53:18UTC * 1 * error * 0x1c6de20 * KIM_CollectionsImplementation.cpp:737 * Unable to find item.
2024-03-13:16:53:18UTC * 2 * information * 0x1c6de20 * KIM_LogImplementation.cpp:119 * Log object destroyed.
2024-03-13:17:05:05UTC * 0 * information * 0x1b31e20 * KIM_LogImplementation.cpp:107 * Log object created.  Default verbosity level is 'information'.
2024-03-13:17:05:05UTC * 1 * information * 0x1b31e20 * KIM_LogImplementation.cpp:119 * Log object destroyed.
2024-03-13:17:05:05UTC * 0 * information * 0x1b31e20 * KIM_LogImplementation.cpp:107 * Log object created.  Default verbosity level is 'information'.
2024-03-13:17:05:05UTC * 0 * information * 0x1a9a3a0 * KIM_LogImplementation.cpp:107 * Log object created.  Default verbosity level is 'information'.
2024-03-13:17:05:05UTC * 1 * information * 0x1a9a3a0 * KIM_LogImplementation.cpp:242 * Log object renamed.  ID changed to '0x1b31e20_Collections'.
2024-03-13:17:05:05UTC * 2 * information * 0x1b31e20_Collections * KIM_LogImplementation.cpp:246 * Log object renamed.  ID changed from '0x1a9a3a0'.
2024-03-13:17:05:05UTC * 3 * information * 0x1b31e20_Collections * KIM_LogImplementation.cpp:119 * Log object destroyed.
2024-03-13:17:05:05UTC * 1 * information * 0x1b31e20 * KIM_LogImplementation.cpp:119 * Log object destroyed.
2024-03-13:18:08:10UTC * 0 * information * 0x10a6e20 * KIM_LogImplementation.cpp:107 * Log object created.  Default verbosity level is 'information'.
2024-03-13:18:08:10UTC * 1 * information * 0x10a6e20 * KIM_LogImplementation.cpp:119 * Log object destroyed.
2024-03-13:18:08:10UTC * 0 * information * 0x10a6e20 * KIM_LogImplementation.cpp:107 * Log object created.  Default verbosity level is 'information'.
2024-03-13:18:08:10UTC * 0 * information * 0x100f3a0 * KIM_LogImplementation.cpp:107 * Log object created.  Default verbosity level is 'information'.
2024-03-13:18:08:10UTC * 1 * information * 0x100f3a0 * KIM_LogImplementation.cpp:242 * Log object renamed.  ID changed to '0x10a6e20_Collections'.
2024-03-13:18:08:10UTC * 2 * information * 0x10a6e20_Collections * KIM_LogImplementation.cpp:246 * Log object renamed.  ID changed from '0x100f3a0'.
2024-03-13:18:08:10UTC * 3 * information * 0x10a6e20_Collections * KIM_LogImplementation.cpp:119 * Log object destroyed.
2024-03-13:18:08:10UTC * 1 * information * 0x10a6e20 * KIM_LogImplementation.cpp:119 * Log object destroyed.
2024-03-13:18:08:17UTC * 0 * information * 0x2c45e20 * KIM_LogImplementation.cpp:107 * Log object created.  Default verbosity level is 'information'.
2024-03-13:18:08:17UTC * 1 * information * 0x2c45e20 * KIM_LogImplementation.cpp:119 * Log object destroyed.
2024-03-13:18:08:17UTC * 0 * information * 0x2c45e20 * KIM_LogImplementation.cpp:107 * Log object created.  Default verbosity level is 'information'.
2024-03-13:18:08:17UTC * 0 * information * 0x2bae3a0 * KIM_LogImplementation.cpp:107 * Log object created.  Default verbosity level is 'information'.
2024-03-13:18:08:17UTC * 1 * information * 0x2bae3a0 * KIM_LogImplementation.cpp:242 * Log object renamed.  ID changed to '0x2c45e20_Collections'.
2024-03-13:18:08:17UTC * 2 * information * 0x2c45e20_Collections * KIM_LogImplementation.cpp:246 * Log object renamed.  ID changed from '0x2bae3a0'.
2024-03-13:18:08:17UTC * 3 * information * 0x2c45e20_Collections * KIM_LogImplementation.cpp:119 * Log object destroyed.
2024-03-13:18:08:17UTC * 1 * information * 0x2c45e20 * KIM_LogImplementation.cpp:119 * Log object destroyed.
2024-03-13:18:08:25UTC * 0 * information * 0x2dd7e20 * KIM_LogImplementation.cpp:107 * Log object created.  Default verbosity level is 'information'.
2024-03-13:18:08:25UTC * 1 * information * 0x2dd7e20 * KIM_LogImplementation.cpp:119 * Log object destroyed.
2024-03-13:18:08:25UTC * 0 * information * 0x2dd7e20 * KIM_LogImplementation.cpp:107 * Log object created.  Default verbosity level is 'information'.
2024-03-13:18:08:25UTC * 0 * information * 0x2d403a0 * KIM_LogImplementation.cpp:107 * Log object created.  Default verbosity level is 'information'.
2024-03-13:18:08:25UTC * 1 * information * 0x2d403a0 * KIM_LogImplementation.cpp:242 * Log object renamed.  ID changed to '0x2dd7e20_Collections'.
2024-03-13:18:08:25UTC * 2 * information * 0x2dd7e20_Collections * KIM_LogImplementation.cpp:246 * Log object renamed.  ID changed from '0x2d403a0'.
2024-03-13:18:08:25UTC * 3 * information * 0x2dd7e20_Collections * KIM_LogImplementation.cpp:119 * Log object destroyed.
2024-03-13:18:08:25UTC * 1 * information * 0x2dd7e20 * KIM_LogImplementation.cpp:119 * Log object destroyed.
2024-03-13:18:08:42UTC * 0 * information * 0x204be20 * KIM_LogImplementation.cpp:107 * Log object created.  Default verbosity level is 'information'.
2024-03-13:18:08:42UTC * 1 * information * 0x204be20 * KIM_LogImplementation.cpp:119 * Log object destroyed.
2024-03-13:18:08:42UTC * 0 * information * 0x204be20 * KIM_LogImplementation.cpp:107 * Log object created.  Default verbosity level is 'information'.
2024-03-13:18:08:42UTC * 0 * information * 0x1fb43a0 * KIM_LogImplementation.cpp:107 * Log object created.  Default verbosity level is 'information'.
2024-03-13:18:08:42UTC * 1 * information * 0x1fb43a0 * KIM_LogImplementation.cpp:242 * Log object renamed.  ID changed to '0x204be20_Collections'.
2024-03-13:18:08:42UTC * 2 * information * 0x204be20_Collections * KIM_LogImplementation.cpp:246 * Log object renamed.  ID changed from '0x1fb43a0'.
2024-03-13:18:08:42UTC * 3 * information * 0x204be20_Collections * KIM_LogImplementation.cpp:119 * Log object destroyed.
2024-03-13:18:08:42UTC * 1 * information * 0x204be20 * KIM_LogImplementation.cpp:119 * Log object destroyed.
2024-03-13:18:08:58UTC * 0 * information * 0x1a07e20 * KIM_LogImplementation.cpp:107 * Log object created.  Default verbosity level is 'information'.
2024-03-13:18:08:58UTC * 1 * information * 0x1a07e20 * KIM_LogImplementation.cpp:119 * Log object destroyed.
2024-03-13:18:08:58UTC * 0 * information * 0x1a07e20 * KIM_LogImplementation.cpp:107 * Log object created.  Default verbosity level is 'information'.
2024-03-13:18:08:58UTC * 0 * information * 0x19703a0 * KIM_LogImplementation.cpp:107 * Log object created.  Default verbosity level is 'information'.
2024-03-13:18:08:58UTC * 1 * information * 0x19703a0 * KIM_LogImplementation.cpp:242 * Log object renamed.  ID changed to '0x1a07e20_Collections'.
2024-03-13:18:08:58UTC * 2 * information * 0x1a07e20_Collections * KIM_LogImplementation.cpp:246 * Log object renamed.  ID changed from '0x19703a0'.
2024-03-13:18:08:58UTC * 3 * information * 0x1a07e20_Collections * KIM_LogImplementation.cpp:119 * Log object destroyed.
2024-03-13:18:08:58UTC * 1 * information * 0x1a07e20 * KIM_LogImplementation.cpp:119 * Log object destroyed.
2024-03-13:18:09:28UTC * 0 * information * 0x1494e20 * KIM_LogImplementation.cpp:107 * Log object created.  Default verbosity level is 'information'.
2024-03-13:18:09:28UTC * 1 * information * 0x1494e20 * KIM_LogImplementation.cpp:119 * Log object destroyed.
2024-03-13:18:09:28UTC * 0 * information * 0x1494e20 * KIM_LogImplementation.cpp:107 * Log object created.  Default verbosity level is 'information'.
2024-03-13:18:09:28UTC * 0 * information * 0x13fd3a0 * KIM_LogImplementation.cpp:107 * Log object created.  Default verbosity level is 'information'.
2024-03-13:18:09:28UTC * 1 * information * 0x13fd3a0 * KIM_LogImplementation.cpp:242 * Log object renamed.  ID changed to '0x1494e20_Collections'.
2024-03-13:18:09:28UTC * 2 * information * 0x1494e20_Collections * KIM_LogImplementation.cpp:246 * Log object renamed.  ID changed from '0x13fd3a0'.
2024-03-13:18:09:28UTC * 3 * information * 0x1494e20_Collections * KIM_LogImplementation.cpp:119 * Log object destroyed.
2024-03-13:18:09:28UTC * 1 * information * 0x1494e20 * KIM_LogImplementation.cpp:119 * Log object destroyed.
2024-03-13:18:09:47UTC * 0 * information * 0x162ce20 * KIM_LogImplementation.cpp:107 * Log object created.  Default verbosity level is 'information'.
2024-03-13:18:09:47UTC * 1 * information * 0x162ce20 * KIM_LogImplementation.cpp:119 * Log object destroyed.
2024-03-13:18:09:47UTC * 0 * information * 0x162ce20 * KIM_LogImplementation.cpp:107 * Log object created.  Default verbosity level is 'information'.
2024-03-13:18:09:47UTC * 0 * information * 0x15953a0 * KIM_LogImplementation.cpp:107 * Log object created.  Default verbosity level is 'information'.
2024-03-13:18:09:47UTC * 1 * information * 0x15953a0 * KIM_LogImplementation.cpp:242 * Log object renamed.  ID changed to '0x162ce20_Collections'.
2024-03-13:18:09:47UTC * 2 * information * 0x162ce20_Collections * KIM_LogImplementation.cpp:246 * Log object renamed.  ID changed from '0x15953a0'.
2024-03-13:18:09:47UTC * 3 * information * 0x162ce20_Collections * KIM_LogImplementation.cpp:119 * Log object destroyed.
2024-03-13:18:09:47UTC * 1 * information * 0x162ce20 * KIM_LogImplementation.cpp:119 * Log object destroyed.
2024-03-13:18:10:13UTC * 0 * information * 0xf64e20 * KIM_LogImplementation.cpp:107 * Log object created.  Default verbosity level is 'information'.
2024-03-13:18:10:13UTC * 1 * information * 0xf64e20 * KIM_LogImplementation.cpp:119 * Log object destroyed.
2024-03-13:18:10:13UTC * 0 * information * 0xf64e20 * KIM_LogImplementation.cpp:107 * Log object created.  Default verbosity level is 'information'.
2024-03-13:18:10:13UTC * 0 * information * 0xecd3a0 * KIM_LogImplementation.cpp:107 * Log object created.  Default verbosity level is 'information'.
2024-03-13:18:10:13UTC * 1 * information * 0xecd3a0 * KIM_LogImplementation.cpp:242 * Log object renamed.  ID changed to '0xf64e20_Collections'.
2024-03-13:18:10:13UTC * 2 * information * 0xf64e20_Collections * KIM_LogImplementation.cpp:246 * Log object renamed.  ID changed from '0xecd3a0'.
2024-03-13:18:10:13UTC * 3 * information * 0xf64e20_Collections * KIM_LogImplementation.cpp:119 * Log object destroyed.
2024-03-13:18:10:13UTC * 1 * information * 0xf64e20 * KIM_LogImplementation.cpp:119 * Log object destroyed.
2024-03-13:18:10:57UTC * 0 * information * 0x25ffe20 * KIM_LogImplementation.cpp:107 * Log object created.  Default verbosity level is 'information'.
2024-03-13:18:10:57UTC * 1 * information * 0x25ffe20 * KIM_LogImplementation.cpp:119 * Log object destroyed.
2024-03-13:18:10:57UTC * 0 * information * 0x25ffe20 * KIM_LogImplementation.cpp:107 * Log object created.  Default verbosity level is 'information'.
2024-03-13:18:10:57UTC * 0 * information * 0x25683a0 * KIM_LogImplementation.cpp:107 * Log object created.  Default verbosity level is 'information'.
2024-03-13:18:10:57UTC * 1 * information * 0x25683a0 * KIM_LogImplementation.cpp:242 * Log object renamed.  ID changed to '0x25ffe20_Collections'.
2024-03-13:18:10:57UTC * 2 * information * 0x25ffe20_Collections * KIM_LogImplementation.cpp:246 * Log object renamed.  ID changed from '0x25683a0'.
2024-03-13:18:10:57UTC * 3 * information * 0x25ffe20_Collections * KIM_LogImplementation.cpp:119 * Log object destroyed.
2024-03-13:18:10:57UTC * 1 * information * 0x25ffe20 * KIM_LogImplementation.cpp:119 * Log object destroyed.
2024-03-13:18:11:26UTC * 0 * information * 0x1e86e20 * KIM_LogImplementation.cpp:107 * Log object created.  Default verbosity level is 'information'.
2024-03-13:18:11:26UTC * 1 * information * 0x1e86e20 * KIM_LogImplementation.cpp:119 * Log object destroyed.
2024-03-13:18:11:26UTC * 0 * information * 0x1e86e20 * KIM_LogImplementation.cpp:107 * Log object created.  Default verbosity level is 'information'.
2024-03-13:18:11:26UTC * 0 * information * 0x1def3a0 * KIM_LogImplementation.cpp:107 * Log object created.  Default verbosity level is 'information'.
2024-03-13:18:11:26UTC * 1 * information * 0x1def3a0 * KIM_LogImplementation.cpp:242 * Log object renamed.  ID changed to '0x1e86e20_Collections'.
2024-03-13:18:11:26UTC * 2 * information * 0x1e86e20_Collections * KIM_LogImplementation.cpp:246 * Log object renamed.  ID changed from '0x1def3a0'.
2024-03-13:18:11:26UTC * 3 * information * 0x1e86e20_Collections * KIM_LogImplementation.cpp:119 * Log object destroyed.
2024-03-13:18:11:26UTC * 1 * information * 0x1e86e20 * KIM_LogImplementation.cpp:119 * Log object destroyed.
2024-03-13:18:16:52UTC * 0 * information * 0x2669e20 * KIM_LogImplementation.cpp:107 * Log object created.  Default verbosity level is 'information'.
2024-03-13:18:16:52UTC * 1 * information * 0x2669e20 * KIM_LogImplementation.cpp:119 * Log object destroyed.
2024-03-13:18:16:52UTC * 0 * information * 0x2669e20 * KIM_LogImplementation.cpp:107 * Log object created.  Default verbosity level is 'information'.
2024-03-13:18:16:52UTC * 0 * information * 0x25d23a0 * KIM_LogImplementation.cpp:107 * Log object created.  Default verbosity level is 'information'.
2024-03-13:18:16:52UTC * 1 * information * 0x25d23a0 * KIM_LogImplementation.cpp:242 * Log object renamed.  ID changed to '0x2669e20_Collections'.
2024-03-13:18:16:52UTC * 2 * information * 0x2669e20_Collections * KIM_LogImplementation.cpp:246 * Log object renamed.  ID changed from '0x25d23a0'.
2024-03-13:18:16:52UTC * 3 * information * 0x2669e20_Collections * KIM_LogImplementation.cpp:119 * Log object destroyed.
2024-03-13:18:16:52UTC * 1 * information * 0x2669e20 * KIM_LogImplementation.cpp:119 * Log object destroyed.
2024-03-13:18:18:32UTC * 0 * information * 0x2af9e20 * KIM_LogImplementation.cpp:107 * Log object created.  Default verbosity level is 'information'.
2024-03-13:18:18:32UTC * 1 * information * 0x2af9e20 * KIM_LogImplementation.cpp:119 * Log object destroyed.
2024-03-13:18:18:32UTC * 0 * information * 0x2af9e20 * KIM_LogImplementation.cpp:107 * Log object created.  Default verbosity level is 'information'.
2024-03-13:18:18:32UTC * 0 * information * 0x2a623a0 * KIM_LogImplementation.cpp:107 * Log object created.  Default verbosity level is 'information'.
2024-03-13:18:18:32UTC * 1 * information * 0x2a623a0 * KIM_LogImplementation.cpp:242 * Log object renamed.  ID changed to '0x2af9e20_Collections'.
2024-03-13:18:18:32UTC * 2 * information * 0x2af9e20_Collections * KIM_LogImplementation.cpp:246 * Log object renamed.  ID changed from '0x2a623a0'.
2024-03-13:18:18:32UTC * 3 * information * 0x2af9e20_Collections * KIM_LogImplementation.cpp:119 * Log object destroyed.
2024-03-13:18:18:32UTC * 1 * information * 0x2af9e20 * KIM_LogImplementation.cpp:119 * Log object destroyed.
2024-03-13:18:19:06UTC * 0 * information * 0x2e87230 * KIM_LogImplementation.cpp:107 * Log object created.  Default verbosity level is 'information'.
2024-03-13:18:19:06UTC * 1 * information * 0x2e87230 * KIM_LogImplementation.cpp:119 * Log object destroyed.
2024-03-13:18:19:06UTC * 0 * information * 0x2e87230 * KIM_LogImplementation.cpp:107 * Log object created.  Default verbosity level is 'information'.
2024-03-13:18:19:06UTC * 0 * information * 0x2df4350 * KIM_LogImplementation.cpp:107 * Log object created.  Default verbosity level is 'information'.
2024-03-13:18:19:06UTC * 1 * information * 0x2df4350 * KIM_LogImplementation.cpp:242 * Log object renamed.  ID changed to '0x2e87230_Collections'.
2024-03-13:18:19:06UTC * 2 * information * 0x2e87230_Collections * KIM_LogImplementation.cpp:246 * Log object renamed.  ID changed from '0x2df4350'.
2024-03-13:18:19:06UTC * 3 * information * 0x2e87230_Collections * KIM_LogImplementation.cpp:119 * Log object destroyed.
2024-03-13:18:19:07UTC * 0 * information * 0x2e87230 * KIM_LogImplementation.cpp:119 * Log object destroyed.
2024-03-13:18:20:16UTC * 0 * information * 0x1008230 * KIM_LogImplementation.cpp:107 * Log object created.  Default verbosity level is 'information'.
2024-03-13:18:20:16UTC * 1 * information * 0x1008230 * KIM_LogImplementation.cpp:119 * Log object destroyed.
2024-03-13:18:20:16UTC * 0 * information * 0x1008230 * KIM_LogImplementation.cpp:107 * Log object created.  Default verbosity level is 'information'.
2024-03-13:18:20:16UTC * 0 * information * 0xf75350 * KIM_LogImplementation.cpp:107 * Log object created.  Default verbosity level is 'information'.
2024-03-13:18:20:16UTC * 1 * information * 0xf75350 * KIM_LogImplementation.cpp:242 * Log object renamed.  ID changed to '0x1008230_Collections'.
2024-03-13:18:20:16UTC * 2 * information * 0x1008230_Collections * KIM_LogImplementation.cpp:246 * Log object renamed.  ID changed from '0xf75350'.
2024-03-13:18:20:16UTC * 3 * information * 0x1008230_Collections * KIM_LogImplementation.cpp:119 * Log object destroyed.
2024-03-13:18:20:16UTC * 1 * information * 0x1008230 * KIM_LogImplementation.cpp:119 * Log object destroyed.
2024-03-13:18:21:27UTC * 0 * information * 0x25c9230 * KIM_LogImplementation.cpp:107 * Log object created.  Default verbosity level is 'information'.
2024-03-13:18:21:27UTC * 1 * information * 0x25c9230 * KIM_LogImplementation.cpp:119 * Log object destroyed.
2024-03-13:18:21:27UTC * 0 * information * 0x25c9230 * KIM_LogImplementation.cpp:107 * Log object created.  Default verbosity level is 'information'.
2024-03-13:18:21:27UTC * 0 * information * 0x2536350 * KIM_LogImplementation.cpp:107 * Log object created.  Default verbosity level is 'information'.
2024-03-13:18:21:27UTC * 1 * information * 0x2536350 * KIM_LogImplementation.cpp:242 * Log object renamed.  ID changed to '0x25c9230_Collections'.
2024-03-13:18:21:27UTC * 2 * information * 0x25c9230_Collections * KIM_LogImplementation.cpp:246 * Log object renamed.  ID changed from '0x2536350'.
2024-03-13:18:21:27UTC * 3 * information * 0x25c9230_Collections * KIM_LogImplementation.cpp:119 * Log object destroyed.
2024-03-13:18:21:27UTC * 1 * information * 0x25c9230 * KIM_LogImplementation.cpp:119 * Log object destroyed.
2024-03-13:18:23:07UTC * 0 * information * 0x2795230 * KIM_LogImplementation.cpp:107 * Log object created.  Default verbosity level is 'information'.
2024-03-13:18:23:07UTC * 1 * information * 0x2795230 * KIM_LogImplementation.cpp:119 * Log object destroyed.
2024-03-13:18:23:07UTC * 0 * information * 0x2795230 * KIM_LogImplementation.cpp:107 * Log object created.  Default verbosity level is 'information'.
2024-03-13:18:23:07UTC * 0 * information * 0x2702350 * KIM_LogImplementation.cpp:107 * Log object created.  Default verbosity level is 'information'.
2024-03-13:18:23:07UTC * 1 * information * 0x2702350 * KIM_LogImplementation.cpp:242 * Log object renamed.  ID changed to '0x2795230_Collections'.
2024-03-13:18:23:07UTC * 2 * information * 0x2795230_Collections * KIM_LogImplementation.cpp:246 * Log object renamed.  ID changed from '0x2702350'.
2024-03-13:18:23:07UTC * 3 * information * 0x2795230_Collections * KIM_LogImplementation.cpp:119 * Log object destroyed.
2024-03-13:18:23:07UTC * 1 * information * 0x2795230 * KIM_LogImplementation.cpp:119 * Log object destroyed.
2024-03-13:18:23:28UTC * 0 * information * 0x24fe230 * KIM_LogImplementation.cpp:107 * Log object created.  Default verbosity level is 'information'.
2024-03-13:18:23:28UTC * 1 * information * 0x24fe230 * KIM_LogImplementation.cpp:119 * Log object destroyed.
2024-03-13:18:23:28UTC * 0 * information * 0x24fe230 * KIM_LogImplementation.cpp:107 * Log object created.  Default verbosity level is 'information'.
2024-03-13:18:23:28UTC * 0 * information * 0x246b350 * KIM_LogImplementation.cpp:107 * Log object created.  Default verbosity level is 'information'.
2024-03-13:18:23:28UTC * 1 * information * 0x246b350 * KIM_LogImplementation.cpp:242 * Log object renamed.  ID changed to '0x24fe230_Collections'.
2024-03-13:18:23:28UTC * 2 * information * 0x24fe230_Collections * KIM_LogImplementation.cpp:246 * Log object renamed.  ID changed from '0x246b350'.
2024-03-13:18:23:28UTC * 3 * information * 0x24fe230_Collections * KIM_LogImplementation.cpp:119 * Log object destroyed.
2024-03-13:18:23:28UTC * 1 * information * 0x24fe230 * KIM_LogImplementation.cpp:119 * Log object destroyed.
2024-03-13:18:29:02UTC * 0 * information * 0x2ad6b90 * KIM_LogImplementation.cpp:107 * Log object created.  Default verbosity level is 'information'.
2024-03-13:18:29:02UTC * 1 * information * 0x2ad6b90 * KIM_LogImplementation.cpp:119 * Log object destroyed.
2024-03-13:18:29:02UTC * 0 * information * 0x2ad6b90 * KIM_LogImplementation.cpp:107 * Log object created.  Default verbosity level is 'information'.
2024-03-13:18:29:02UTC * 0 * information * 0x2a44100 * KIM_LogImplementation.cpp:107 * Log object created.  Default verbosity level is 'information'.
2024-03-13:18:29:02UTC * 1 * information * 0x2a44100 * KIM_LogImplementation.cpp:242 * Log object renamed.  ID changed to '0x2ad6b90_Collections'.
2024-03-13:18:29:02UTC * 2 * information * 0x2ad6b90_Collections * KIM_LogImplementation.cpp:246 * Log object renamed.  ID changed from '0x2a44100'.
2024-03-13:18:29:02UTC * 3 * information * 0x2ad6b90_Collections * KIM_LogImplementation.cpp:119 * Log object destroyed.
2024-03-13:18:29:02UTC * 1 * information * 0x2ad6b90 * KIM_LogImplementation.cpp:119 * Log object destroyed.
2024-03-13:18:42:48UTC * 0 * information * 0x2c1a6a0 * KIM_LogImplementation.cpp:107 * Log object created.  Default verbosity level is 'information'.
2024-03-13:18:42:48UTC * 1 * information * 0x2c1a6a0 * KIM_LogImplementation.cpp:119 * Log object destroyed.
2024-03-13:18:42:48UTC * 0 * information * 0x2c1a6a0 * KIM_LogImplementation.cpp:107 * Log object created.  Default verbosity level is 'information'.
2024-03-13:18:42:48UTC * 0 * information * 0x2b877c0 * KIM_LogImplementation.cpp:107 * Log object created.  Default verbosity level is 'information'.
2024-03-13:18:42:48UTC * 1 * information * 0x2b877c0 * KIM_LogImplementation.cpp:242 * Log object renamed.  ID changed to '0x2c1a6a0_Collections'.
2024-03-13:18:42:48UTC * 2 * information * 0x2c1a6a0_Collections * KIM_LogImplementation.cpp:246 * Log object renamed.  ID changed from '0x2b877c0'.
2024-03-13:18:42:48UTC * 3 * information * 0x2c1a6a0_Collections * KIM_LogImplementation.cpp:119 * Log object destroyed.
2024-03-13:18:42:48UTC * 1 * information * 0x2c1a6a0 * KIM_LogImplementation.cpp:119 * Log object destroyed.
2024-03-13:18:44:05UTC * 0 * information * 0x29636a0 * KIM_LogImplementation.cpp:107 * Log object created.  Default verbosity level is 'information'.
2024-03-13:18:44:05UTC * 1 * information * 0x29636a0 * KIM_LogImplementation.cpp:119 * Log object destroyed.
2024-03-13:18:44:05UTC * 0 * information * 0x29636a0 * KIM_LogImplementation.cpp:107 * Log object created.  Default verbosity level is 'information'.
2024-03-13:18:44:05UTC * 0 * information * 0x28d07c0 * KIM_LogImplementation.cpp:107 * Log object created.  Default verbosity level is 'information'.
2024-03-13:18:44:05UTC * 1 * information * 0x28d07c0 * KIM_LogImplementation.cpp:242 * Log object renamed.  ID changed to '0x29636a0_Collections'.
2024-03-13:18:44:05UTC * 2 * information * 0x29636a0_Collections * KIM_LogImplementation.cpp:246 * Log object renamed.  ID changed from '0x28d07c0'.
2024-03-13:18:44:05UTC * 3 * information * 0x29636a0_Collections * KIM_LogImplementation.cpp:119 * Log object destroyed.
2024-03-13:18:44:05UTC * 1 * information * 0x29636a0 * KIM_LogImplementation.cpp:119 * Log object destroyed.
2024-03-13:18:46:29UTC * 0 * information * 0x2a5d4a0 * KIM_LogImplementation.cpp:107 * Log object created.  Default verbosity level is 'information'.
2024-03-13:18:46:29UTC * 1 * information * 0x2a5d4a0 * KIM_LogImplementation.cpp:119 * Log object destroyed.
2024-03-13:18:46:29UTC * 0 * information * 0x2a5d4a0 * KIM_LogImplementation.cpp:107 * Log object created.  Default verbosity level is 'information'.
2024-03-13:18:46:29UTC * 0 * information * 0x29c51c0 * KIM_LogImplementation.cpp:107 * Log object created.  Default verbosity level is 'information'.
2024-03-13:18:46:29UTC * 1 * information * 0x29c51c0 * KIM_LogImplementation.cpp:242 * Log object renamed.  ID changed to '0x2a5d4a0_Collections'.
2024-03-13:18:46:29UTC * 2 * information * 0x2a5d4a0_Collections * KIM_LogImplementation.cpp:246 * Log object renamed.  ID changed from '0x29c51c0'.
2024-03-13:18:46:29UTC * 3 * information * 0x2a5d4a0_Collections * KIM_LogImplementation.cpp:119 * Log object destroyed.
2024-03-13:18:46:29UTC * 1 * information * 0x2a5d4a0 * KIM_LogImplementation.cpp:119 * Log object destroyed.
2024-03-13:18:48:00UTC * 0 * information * 0x284d4a0 * KIM_LogImplementation.cpp:107 * Log object created.  Default verbosity level is 'information'.
2024-03-13:18:48:00UTC * 1 * information * 0x284d4a0 * KIM_LogImplementation.cpp:119 * Log object destroyed.
2024-03-13:18:48:00UTC * 0 * information * 0x284d4a0 * KIM_LogImplementation.cpp:107 * Log object created.  Default verbosity level is 'information'.
2024-03-13:18:48:00UTC * 0 * information * 0x27b51c0 * KIM_LogImplementation.cpp:107 * Log object created.  Default verbosity level is 'information'.
2024-03-13:18:48:00UTC * 1 * information * 0x27b51c0 * KIM_LogImplementation.cpp:242 * Log object renamed.  ID changed to '0x284d4a0_Collections'.
2024-03-13:18:48:00UTC * 2 * information * 0x284d4a0_Collections * KIM_LogImplementation.cpp:246 * Log object renamed.  ID changed from '0x27b51c0'.
2024-03-13:18:48:00UTC * 3 * information * 0x284d4a0_Collections * KIM_LogImplementation.cpp:119 * Log object destroyed.
2024-03-13:18:48:00UTC * 1 * information * 0x284d4a0 * KIM_LogImplementation.cpp:119 * Log object destroyed.
2024-03-13:18:48:53UTC * 0 * information * 0x15ab4a0 * KIM_LogImplementation.cpp:107 * Log object created.  Default verbosity level is 'information'.
2024-03-13:18:48:53UTC * 1 * information * 0x15ab4a0 * KIM_LogImplementation.cpp:119 * Log object destroyed.
2024-03-13:18:48:53UTC * 0 * information * 0x15ab4a0 * KIM_LogImplementation.cpp:107 * Log object created.  Default verbosity level is 'information'.
2024-03-13:18:48:53UTC * 0 * information * 0x15131c0 * KIM_LogImplementation.cpp:107 * Log object created.  Default verbosity level is 'information'.
2024-03-13:18:48:53UTC * 1 * information * 0x15131c0 * KIM_LogImplementation.cpp:242 * Log object renamed.  ID changed to '0x15ab4a0_Collections'.
2024-03-13:18:48:53UTC * 2 * information * 0x15ab4a0_Collections * KIM_LogImplementation.cpp:246 * Log object renamed.  ID changed from '0x15131c0'.
2024-03-13:18:48:53UTC * 3 * information * 0x15ab4a0_Collections * KIM_LogImplementation.cpp:119 * Log object destroyed.
2024-03-13:18:48:53UTC * 1 * information * 0x15ab4a0 * KIM_LogImplementation.cpp:119 * Log object destroyed.
2024-03-13:18:50:08UTC * 0 * information * 0x2b2a4a0 * KIM_LogImplementation.cpp:107 * Log object created.  Default verbosity level is 'information'.
2024-03-13:18:50:08UTC * 1 * information * 0x2b2a4a0 * KIM_LogImplementation.cpp:119 * Log object destroyed.
2024-03-13:18:50:08UTC * 0 * information * 0x2b2a4a0 * KIM_LogImplementation.cpp:107 * Log object created.  Default verbosity level is 'information'.
2024-03-13:18:50:08UTC * 0 * information * 0x2a921c0 * KIM_LogImplementation.cpp:107 * Log object created.  Default verbosity level is 'information'.
2024-03-13:18:50:08UTC * 1 * information * 0x2a921c0 * KIM_LogImplementation.cpp:242 * Log object renamed.  ID changed to '0x2b2a4a0_Collections'.
2024-03-13:18:50:08UTC * 2 * information * 0x2b2a4a0_Collections * KIM_LogImplementation.cpp:246 * Log object renamed.  ID changed from '0x2a921c0'.
2024-03-13:18:50:08UTC * 3 * information * 0x2b2a4a0_Collections * KIM_LogImplementation.cpp:119 * Log object destroyed.
2024-03-13:18:50:08UTC * 1 * information * 0x2b2a4a0 * KIM_LogImplementation.cpp:119 * Log object destroyed.
2024-03-13:18:51:08UTC * 0 * information * 0x24514a0 * KIM_LogImplementation.cpp:107 * Log object created.  Default verbosity level is 'information'.
2024-03-13:18:51:08UTC * 1 * information * 0x24514a0 * KIM_LogImplementation.cpp:119 * Log object destroyed.
2024-03-13:18:51:08UTC * 0 * information * 0x24514a0 * KIM_LogImplementation.cpp:107 * Log object created.  Default verbosity level is 'information'.
2024-03-13:18:51:08UTC * 0 * information * 0x23b91c0 * KIM_LogImplementation.cpp:107 * Log object created.  Default verbosity level is 'information'.
2024-03-13:18:51:08UTC * 1 * information * 0x23b91c0 * KIM_LogImplementation.cpp:242 * Log object renamed.  ID changed to '0x24514a0_Collections'.
2024-03-13:18:51:08UTC * 2 * information * 0x24514a0_Collections * KIM_LogImplementation.cpp:246 * Log object renamed.  ID changed from '0x23b91c0'.
2024-03-13:18:51:08UTC * 3 * information * 0x24514a0_Collections * KIM_LogImplementation.cpp:119 * Log object destroyed.
2024-03-13:18:51:08UTC * 1 * information * 0x24514a0 * KIM_LogImplementation.cpp:119 * Log object destroyed.
2024-03-13:19:01:21UTC * 0 * information * 0x1dd7350 * KIM_LogImplementation.cpp:107 * Log object created.  Default verbosity level is 'information'.
2024-03-13:19:01:21UTC * 1 * information * 0x1dd7350 * KIM_LogImplementation.cpp:119 * Log object destroyed.
2024-03-13:19:01:21UTC * 0 * information * 0x1dd7350 * KIM_LogImplementation.cpp:107 * Log object created.  Default verbosity level is 'information'.
2024-03-13:19:01:21UTC * 0 * information * 0x1904d80 * KIM_LogImplementation.cpp:107 * Log object created.  Default verbosity level is 'information'.
2024-03-13:19:01:21UTC * 1 * information * 0x1904d80 * KIM_LogImplementation.cpp:242 * Log object renamed.  ID changed to '0x1dd7350_Collections'.
2024-03-13:19:01:21UTC * 2 * information * 0x1dd7350_Collections * KIM_LogImplementation.cpp:246 * Log object renamed.  ID changed from '0x1904d80'.
2024-03-13:19:01:21UTC * 3 * information * 0x1dd7350_Collections * KIM_LogImplementation.cpp:119 * Log object destroyed.
2024-03-13:19:01:21UTC * 1 * information * 0x1dd7350 * KIM_LogImplementation.cpp:119 * Log object destroyed.
2024-03-13:19:02:51UTC * 0 * information * 0x1b46350 * KIM_LogImplementation.cpp:107 * Log object created.  Default verbosity level is 'information'.
2024-03-13:19:02:51UTC * 1 * information * 0x1b46350 * KIM_LogImplementation.cpp:119 * Log object destroyed.
2024-03-13:19:02:51UTC * 0 * information * 0x1b46350 * KIM_LogImplementation.cpp:107 * Log object created.  Default verbosity level is 'information'.
2024-03-13:19:02:51UTC * 0 * information * 0x1673d80 * KIM_LogImplementation.cpp:107 * Log object created.  Default verbosity level is 'information'.
2024-03-13:19:02:51UTC * 1 * information * 0x1673d80 * KIM_LogImplementation.cpp:242 * Log object renamed.  ID changed to '0x1b46350_Collections'.
2024-03-13:19:02:51UTC * 2 * information * 0x1b46350_Collections * KIM_LogImplementation.cpp:246 * Log object renamed.  ID changed from '0x1673d80'.
2024-03-13:19:02:51UTC * 3 * information * 0x1b46350_Collections * KIM_LogImplementation.cpp:119 * Log object destroyed.
2024-03-13:19:02:51UTC * 1 * information * 0x1b46350 * KIM_LogImplementation.cpp:119 * Log object destroyed.
2024-03-13:19:06:00UTC * 0 * information * 0x16bd350 * KIM_LogImplementation.cpp:107 * Log object created.  Default verbosity level is 'information'.
2024-03-13:19:06:00UTC * 1 * information * 0x16bd350 * KIM_LogImplementation.cpp:119 * Log object destroyed.
2024-03-13:19:06:00UTC * 0 * information * 0x16bd350 * KIM_LogImplementation.cpp:107 * Log object created.  Default verbosity level is 'information'.
2024-03-13:19:06:00UTC * 0 * information * 0x11ead80 * KIM_LogImplementation.cpp:107 * Log object created.  Default verbosity level is 'information'.
2024-03-13:19:06:00UTC * 1 * information * 0x11ead80 * KIM_LogImplementation.cpp:242 * Log object renamed.  ID changed to '0x16bd350_Collections'.
2024-03-13:19:06:00UTC * 2 * information * 0x16bd350_Collections * KIM_LogImplementation.cpp:246 * Log object renamed.  ID changed from '0x11ead80'.
2024-03-13:19:06:00UTC * 3 * information * 0x16bd350_Collections * KIM_LogImplementation.cpp:119 * Log object destroyed.
2024-03-13:19:06:00UTC * 1 * information * 0x16bd350 * KIM_LogImplementation.cpp:119 * Log object destroyed.
2024-03-13:19:10:11UTC * 0 * information * 0x24987d0 * KIM_LogImplementation.cpp:107 * Log object created.  Default verbosity level is 'information'.
2024-03-13:19:10:11UTC * 1 * information * 0x24987d0 * KIM_LogImplementation.cpp:119 * Log object destroyed.
2024-03-13:19:10:11UTC * 0 * information * 0x24987d0 * KIM_LogImplementation.cpp:107 * Log object created.  Default verbosity level is 'information'.
2024-03-13:19:10:11UTC * 0 * information * 0x1fc6c50 * KIM_LogImplementation.cpp:107 * Log object created.  Default verbosity level is 'information'.
2024-03-13:19:10:11UTC * 1 * information * 0x1fc6c50 * KIM_LogImplementation.cpp:242 * Log object renamed.  ID changed to '0x24987d0_Collections'.
2024-03-13:19:10:11UTC * 2 * information * 0x24987d0_Collections * KIM_LogImplementation.cpp:246 * Log object renamed.  ID changed from '0x1fc6c50'.
2024-03-13:19:10:11UTC * 3 * information * 0x24987d0_Collections * KIM_LogImplementation.cpp:119 * Log object destroyed.
2024-03-13:19:10:11UTC * 1 * information * 0x24987d0 * KIM_LogImplementation.cpp:119 * Log object destroyed.
2024-03-13:19:10:55UTC * 0 * information * 0x13947d0 * KIM_LogImplementation.cpp:107 * Log object created.  Default verbosity level is 'information'.
2024-03-13:19:10:55UTC * 1 * information * 0x13947d0 * KIM_LogImplementation.cpp:119 * Log object destroyed.
2024-03-13:19:10:55UTC * 0 * information * 0x13947d0 * KIM_LogImplementation.cpp:107 * Log object created.  Default verbosity level is 'information'.
2024-03-13:19:10:55UTC * 0 * information * 0xec2c50 * KIM_LogImplementation.cpp:107 * Log object created.  Default verbosity level is 'information'.
2024-03-13:19:10:55UTC * 1 * information * 0xec2c50 * KIM_LogImplementation.cpp:242 * Log object renamed.  ID changed to '0x13947d0_Collections'.
2024-03-13:19:10:55UTC * 2 * information * 0x13947d0_Collections * KIM_LogImplementation.cpp:246 * Log object renamed.  ID changed from '0xec2c50'.
2024-03-13:19:10:55UTC * 3 * information * 0x13947d0_Collections * KIM_LogImplementation.cpp:119 * Log object destroyed.
2024-03-13:19:10:55UTC * 1 * information * 0x13947d0 * KIM_LogImplementation.cpp:119 * Log object destroyed.
2024-03-13:19:11:15UTC * 0 * information * 0x2e147d0 * KIM_LogImplementation.cpp:107 * Log object created.  Default verbosity level is 'information'.
2024-03-13:19:11:15UTC * 1 * information * 0x2e147d0 * KIM_LogImplementation.cpp:119 * Log object destroyed.
2024-03-13:19:11:15UTC * 0 * information * 0x2e147d0 * KIM_LogImplementation.cpp:107 * Log object created.  Default verbosity level is 'information'.
2024-03-13:19:11:15UTC * 0 * information * 0x2942c50 * KIM_LogImplementation.cpp:107 * Log object created.  Default verbosity level is 'information'.
2024-03-13:19:11:15UTC * 1 * information * 0x2942c50 * KIM_LogImplementation.cpp:242 * Log object renamed.  ID changed to '0x2e147d0_Collections'.
2024-03-13:19:11:15UTC * 2 * information * 0x2e147d0_Collections * KIM_LogImplementation.cpp:246 * Log object renamed.  ID changed from '0x2942c50'.
2024-03-13:19:11:15UTC * 3 * information * 0x2e147d0_Collections * KIM_LogImplementation.cpp:119 * Log object destroyed.
2024-03-13:19:11:15UTC * 1 * information * 0x2e147d0 * KIM_LogImplementation.cpp:119 * Log object destroyed.
2024-03-13:19:44:29UTC * 0 * information * 0x137df40 * KIM_LogImplementation.cpp:107 * Log object created.  Default verbosity level is 'information'.
2024-03-13:19:44:29UTC * 1 * information * 0x137df40 * KIM_LogImplementation.cpp:119 * Log object destroyed.
2024-03-13:19:44:29UTC * 0 * information * 0x137df40 * KIM_LogImplementation.cpp:107 * Log object created.  Default verbosity level is 'information'.
2024-03-13:19:44:29UTC * 0 * information * 0x12e6c00 * KIM_LogImplementation.cpp:107 * Log object created.  Default verbosity level is 'information'.
2024-03-13:19:44:29UTC * 1 * information * 0x12e6c00 * KIM_LogImplementation.cpp:242 * Log object renamed.  ID changed to '0x137df40_Collections'.
2024-03-13:19:44:29UTC * 2 * information * 0x137df40_Collections * KIM_LogImplementation.cpp:246 * Log object renamed.  ID changed from '0x12e6c00'.
2024-03-13:19:44:29UTC * 3 * information * 0x137df40_Collections * KIM_LogImplementation.cpp:119 * Log object destroyed.
2024-03-13:19:44:29UTC * 1 * information * 0x137df40 * KIM_LogImplementation.cpp:119 * Log object destroyed.
2024-03-13:23:45:47UTC * 0 * information * 0x1ee72c0 * KIM_LogImplementation.cpp:107 * Log object created.  Default verbosity level is 'information'.
2024-03-13:23:45:47UTC * 1 * error * 0x1ee72c0 * KIM_CollectionsImplementation.cpp:737 * Unable to find item.
2024-03-13:23:45:47UTC * 2 * information * 0x1ee72c0 * KIM_LogImplementation.cpp:119 * Log object destroyed.
2024-03-14:01:12:16UTC * 0 * information * 0x137bf60 * KIM_LogImplementation.cpp:107 * Log object created.  Default verbosity level is 'information'.
2024-03-14:01:12:16UTC * 1 * information * 0x137bf60 * KIM_LogImplementation.cpp:119 * Log object destroyed.
2024-03-14:01:12:16UTC * 0 * information * 0x137bf60 * KIM_LogImplementation.cpp:107 * Log object created.  Default verbosity level is 'information'.
2024-03-14:01:12:16UTC * 0 * information * 0x12dd160 * KIM_LogImplementation.cpp:107 * Log object created.  Default verbosity level is 'information'.
2024-03-14:01:12:16UTC * 1 * information * 0x12dd160 * KIM_LogImplementation.cpp:242 * Log object renamed.  ID changed to '0x137bf60_Collections'.
2024-03-14:01:12:16UTC * 2 * information * 0x137bf60_Collections * KIM_LogImplementation.cpp:246 * Log object renamed.  ID changed from '0x12dd160'.
2024-03-14:01:12:16UTC * 3 * information * 0x137bf60_Collections * KIM_LogImplementation.cpp:119 * Log object destroyed.
2024-03-14:01:12:16UTC * 1 * information * 0x137bf60 * KIM_LogImplementation.cpp:119 * Log object destroyed.
